\BOOKMARK [0][-]{chapter.1}{\376\377\000W\000s\000t\001\031\000p}{}% 1
\BOOKMARK [0][-]{chapter.2}{\376\377\000D\000e\000t\000e\000k\000c\000j\000a\000\040\000a\000n\000o\000m\000a\000l\000i\000i\000\040\000w\000\040\000s\000z\000e\000r\000e\000g\000a\000c\000h\000\040\000c\000z\000a\000s\000o\000w\000y\000c\000h}{}% 2
\BOOKMARK [1][-]{section.2.1}{\376\377\000S\000z\000e\000r\000e\000g\000i\000\040\000c\000z\000a\000s\000o\000w\000e\000\040\000i\000\040\000a\000n\000o\000m\000a\000l\000i\000e}{chapter.2}% 3
\BOOKMARK [2][-]{subsection.2.1.1}{\376\377\000D\000e\000f\000i\000n\000i\000c\000j\000a\000\040\000s\000z\000e\000r\000e\000g\000u\000\040\000c\000z\000a\000s\000o\000w\000e\000g\000o}{section.2.1}% 4
\BOOKMARK [2][-]{subsection.2.1.2}{\376\377\000R\000o\000d\000z\000a\000j\000e\000\040\000a\000n\000o\000m\000a\000l\000i\000i}{section.2.1}% 5
\BOOKMARK [1][-]{section.2.2}{\376\377\000M\000e\000t\000o\000d\000y\000\040\000S\000t\000a\000t\000y\000s\000t\000y\000c\000z\000n\000e}{chapter.2}% 6
\BOOKMARK [2][-]{subsection.2.2.1}{\376\377\000I\000Q\000R\000\040\000B\000a\000s\000e\000l\000i\000n\000e}{section.2.2}% 7
\BOOKMARK [2][-]{subsection.2.2.2}{\376\377\000Z\000-\000S\000c\000o\000r\000e}{section.2.2}% 8
\BOOKMARK [2][-]{subsection.2.2.3}{\376\377\000C\000U\000S\000U\000M}{section.2.2}% 9
\BOOKMARK [2][-]{subsection.2.2.4}{\376\377\000E\000W\000M\000A}{section.2.2}% 10
\BOOKMARK [1][-]{section.2.3}{\376\377\000M\000e\000t\000o\000d\000y\000\040\000u\000c\000z\000e\000n\000i\000a\000\040\000m\000a\000s\000z\000y\000n\000o\000w\000e\000g\000o}{chapter.2}% 11
\BOOKMARK [2][-]{subsection.2.3.1}{\376\377\000I\000s\000o\000l\000a\000t\000i\000o\000n\000\040\000F\000o\000r\000e\000s\000t}{section.2.3}% 12
\BOOKMARK [2][-]{subsection.2.3.2}{\376\377\000L\000o\000c\000a\000l\000\040\000O\000u\000t\000l\000i\000e\000r\000\040\000F\000a\000c\000t\000o\000r\000\040\000\050\000L\000O\000F\000\051}{section.2.3}% 13
\BOOKMARK [2][-]{subsection.2.3.3}{\376\377\000O\000n\000e\000-\000C\000l\000a\000s\000s\000\040\000S\000V\000M}{section.2.3}% 14
\BOOKMARK [2][-]{subsection.2.3.4}{\376\377\000K\000-\000M\000e\000a\000n\000s\000\040\000j\000a\000k\000o\000\040\000d\000e\000t\000e\000k\000t\000o\000r\000\040\000a\000n\000o\000m\000a\000l\000i\000i}{section.2.3}% 15
\BOOKMARK [1][-]{section.2.4}{\376\377\000M\000e\000t\000o\000d\000y\000\040\000g\001\102\001\031\000b\000o\000k\000i\000e\000g\000o\000\040\000u\000c\000z\000e\000n\000i\000a}{chapter.2}% 16
\BOOKMARK [2][-]{subsection.2.4.1}{\376\377\000A\000u\000t\000o\000e\000n\000k\000o\000d\000e\000r\000\040\000g\001\031\000s\000t\000y}{section.2.4}% 17
\BOOKMARK [2][-]{subsection.2.4.2}{\376\377\000A\000u\000t\000o\000e\000n\000k\000o\000d\000e\000r\000\040\000s\000p\000l\000o\000t\000o\000w\000y\000\040\000\050\000C\000N\000N\000-\0001\000D\000\051}{section.2.4}% 18
\BOOKMARK [2][-]{subsection.2.4.3}{\376\377\000L\000S\000T\000M}{section.2.4}% 19
\BOOKMARK [1][-]{section.2.5}{\376\377\000M\000i\000a\000r\000y\000\040\000o\000c\000e\000n\000y\000\040\000j\000a\000k\000o\001\133\000c\000i\000\040\000d\000e\000t\000e\000k\000c\000j\000i}{chapter.2}% 20
\BOOKMARK [2][-]{subsection.2.5.1}{\376\377\000P\000r\000e\000c\000y\000z\000j\000a}{section.2.5}% 21
\BOOKMARK [2][-]{subsection.2.5.2}{\376\377\000C\000z\000u\001\102\000o\001\133\001\007\000\040\000\050\000R\000e\000c\000a\000l\000l\000\051}{section.2.5}% 22
\BOOKMARK [2][-]{subsection.2.5.3}{\376\377\000F\0001\000-\000S\000c\000o\000r\000e}{section.2.5}% 23
\BOOKMARK [0][-]{chapter.3}{\376\377\000M\000e\000t\000o\000d\000y\000k\000a\000\040\000e\000k\000s\000p\000e\000r\000y\000m\000e\000n\000t\000\363\000w}{}% 24
\BOOKMARK [1][-]{section.3.1}{\376\377\000Z\000b\000i\000\363\000r\000\040\000d\000a\000n\000y\000c\000h}{chapter.3}% 25
\BOOKMARK [2][-]{subsection.3.1.1}{\376\377\000C\000h\000a\000r\000a\000k\000t\000e\000r\000y\000s\000t\000y\000k\000a\000\040\000i\000\040\000p\000o\000d\000z\000i\000a\001\102\000\040\0008\0000\000/\0002\0000}{section.3.1}% 26
\BOOKMARK [2][-]{subsection.3.1.2}{\376\377\000B\000a\000l\000a\000n\000s\000\040\000k\000l\000a\000s\000\040\000i\000\040\000r\000o\000z\000k\001\102\000a\000d\000\040\000a\000n\000o\000m\000a\000l\000i\000i}{section.3.1}% 27
\BOOKMARK [1][-]{section.3.2}{\376\377\001\132\000r\000o\000d\000o\000w\000i\000s\000k\000o\000\040\000i\000\040\000i\000m\000p\000l\000e\000m\000e\000n\000t\000a\000c\000j\000a}{chapter.3}% 28
\BOOKMARK [1][-]{section.3.3}{\376\377\000P\000r\000e\000p\000r\000o\000c\000e\000s\000s\000i\000n\000g\000\040\000i\000\040\000i\000n\001\174\000y\000n\000i\000e\000r\000i\000a\000\040\000c\000e\000c\000h}{chapter.3}% 29
\BOOKMARK [1][-]{section.3.4}{\376\377\000D\000o\000b\000\363\000r\000\040\000o\000k\000n\000a\000\040\000k\000r\000o\000c\000z\001\005\000c\000e\000g\000o}{chapter.3}% 30
\BOOKMARK [1][-]{section.3.5}{\376\377\000P\000u\000n\000k\000t\000\040\000o\000d\000n\000i\000e\000s\000i\000e\000n\000i\000a}{chapter.3}% 31
\BOOKMARK [1][-]{section.3.6}{\376\377\000M\000e\000t\000o\000d\000o\000l\000o\000g\000i\000a\000\040\000b\000a\000d\000a\001\104}{chapter.3}% 32
\BOOKMARK [0][-]{chapter.4}{\376\377\000E\000k\000s\000p\000e\000r\000y\000m\000e\000n\000t\000y\000\040\000i\000\040\000w\000y\000n\000i\000k\000i}{}% 33
\BOOKMARK [1][-]{section.4.1}{\376\377\000M\000e\000t\000o\000d\000a\000\040\000I\000Q\000R\000\040\000-\000\040\000p\000u\000n\000k\000t\000\040\000o\000d\000n\000i\000e\000s\000i\000e\000n\000i\000a}{chapter.4}% 34
\BOOKMARK [1][-]{section.4.2}{\376\377\000W\000y\000n\000i\000k\000i\000\040\000m\000e\000t\000o\000d\000\040\000s\000t\000a\000t\000y\000s\000t\000y\000c\000z\000n\000y\000c\000h}{chapter.4}% 35
\BOOKMARK [2][-]{subsection.4.2.1}{\376\377\000I\000Q\000R}{section.4.2}% 36
\BOOKMARK [2][-]{subsection.4.2.2}{\376\377\000M\000e\000t\000o\000d\000a\000\040\000Z\000-\000S\000c\000o\000r\000e}{section.4.2}% 37
\BOOKMARK [2][-]{subsection.4.2.3}{\376\377\000Z\000m\000o\000d\000y\000f\000i\000k\000o\000w\000a\000n\000a\000\040\000m\000e\000t\000o\000d\000a\000\040\000Z\000-\000S\000c\000o\000r\000e}{section.4.2}% 38
\BOOKMARK [2][-]{subsection.4.2.4}{\376\377\000C\000U\000S\000U\000M}{section.4.2}% 39
\BOOKMARK [2][-]{subsection.4.2.5}{\376\377\000E\000W\000M\000A}{section.4.2}% 40
\BOOKMARK [2][-]{subsection.4.2.6}{\376\377\000P\000o\000d\000s\000u\000m\000o\000w\000a\000n\000i\000e\000\040\000w\000y\000n\000i\000k\000\363\000w\000\040\000m\000e\000t\000o\000d\000\040\000s\000t\000a\000t\000y\000s\000t\000y\000c\000z\000n\000y\000c\000h}{section.4.2}% 41
\BOOKMARK [1][-]{section.4.3}{\376\377\000W\000y\000n\000i\000k\000i\000\040\000m\000e\000t\000o\000d\000\040\000u\000c\000z\000e\000n\000i\000a\000\040\000m\000a\000s\000z\000y\000n\000o\000w\000e\000g\000o}{chapter.4}% 42
\BOOKMARK [2][-]{subsection.4.3.1}{\376\377\000I\000s\000o\000l\000a\000t\000i\000o\000n\000\040\000F\000o\000r\000e\000s\000t}{section.4.3}% 43
\BOOKMARK [2][-]{subsection.4.3.2}{\376\377\000L\000o\000c\000a\000l\000\040\000O\000u\000t\000l\000i\000e\000r\000\040\000F\000a\000c\000t\000o\000r}{section.4.3}% 44
\BOOKMARK [2][-]{subsection.4.3.3}{\376\377\000O\000n\000e\000-\000C\000l\000a\000s\000s\000\040\000S\000V\000M}{section.4.3}% 45
\BOOKMARK [2][-]{subsection.4.3.4}{\376\377\000K\000-\000M\000e\000a\000n\000s}{section.4.3}% 46
\BOOKMARK [2][-]{subsection.4.3.5}{\376\377\000P\000o\000d\000s\000u\000m\000o\000w\000a\000n\000i\000e\000\040\000w\000y\000n\000i\000k\000\363\000w\000\040\000m\000e\000t\000o\000d\000\040\000u\000c\000z\000e\000n\000i\000a\000\040\000m\000a\000s\000z\000y\000n\000o\000w\000e\000g\000o}{section.4.3}% 47
\BOOKMARK [1][-]{section.4.4}{\376\377\000W\000y\000n\000i\000k\000i\000\040\000m\000e\000t\000o\000d\000\040\000g\001\102\001\031\000b\000o\000k\000i\000e\000g\000o\000\040\000u\000c\000z\000e\000n\000i\000a\000\040\000i\000\040\000k\000r\000z\000y\000w\000e\000\040\000u\000c\000z\000e\000n\000i\000a}{chapter.4}% 48
\BOOKMARK [2][-]{subsection.4.4.1}{\376\377\000D\000e\000n\000s\000e\000\040\000A\000u\000t\000o\000e\000n\000c\000o\000d\000e\000r}{section.4.4}% 49
\BOOKMARK [2][-]{subsection.4.4.2}{\376\377\000D\000e\000n\000s\000e\000\040\000A\000u\000t\000o\000e\000n\000c\000o\000d\000e\000r\000\040\000z\000\040\000m\000e\000c\000h\000a\000n\000i\000z\000m\000e\000m\000\040\000D\000r\000o\000p\000o\000u\000t}{section.4.4}% 50
\BOOKMARK [2][-]{subsection.4.4.3}{\376\377\000C\000N\000N\000-\0001\000D\000\040\000A\000u\000t\000o\000e\000n\000c\000o\000d\000e\000r}{section.4.4}% 51
\BOOKMARK [2][-]{subsection.4.4.4}{\376\377\000L\000S\000T\000M\000\040\000A\000u\000t\000o\000e\000n\000c\000o\000d\000e\000r}{section.4.4}% 52
\BOOKMARK [2][-]{subsection.4.4.5}{\376\377\000P\000o\000d\000s\000u\000m\000o\000w\000a\000n\000i\000e\000\040\000m\000e\000t\000o\000d\000\040\000u\000c\000z\000e\000n\000i\000a\000\040\000g\001\102\001\031\000b\000o\000k\000i\000e\000g\000o}{section.4.4}% 53
\BOOKMARK [1][-]{section.4.5}{\376\377\000P\000o\000r\000\363\000w\000n\000a\000n\000i\000e\000\040\000m\000e\000t\000o\000d}{chapter.4}% 54
\BOOKMARK [1][-]{section.4.6}{\376\377\000T\000e\000s\000t\000y\000\040\000s\000t\000a\000t\000y\000s\000t\000y\000c\000z\000n\000e}{chapter.4}% 55
\BOOKMARK [2][-]{subsection.4.6.1}{\376\377\000M\000e\000t\000o\000d\000o\000l\000o\000g\000i\000a}{section.4.6}% 56
\BOOKMARK [2][-]{subsection.4.6.2}{\376\377\000P\000r\000z\000e\000d\000z\000i\000a\001\102\000y\000\040\000u\000f\000n\000o\001\133\000c\000i}{section.4.6}% 57
\BOOKMARK [2][-]{subsection.4.6.3}{\376\377\000T\000e\000s\000t\000y\000\040\000r\000\363\001\174\000n\000i\000c\000y}{section.4.6}% 58
\BOOKMARK [2][-]{subsection.4.6.4}{\376\377\000O\000b\000s\000e\000r\000w\000a\000c\000j\000e}{section.4.6}% 59
\BOOKMARK [1][-]{section.4.7}{\376\377\000K\000o\000s\000z\000t\000\040\000o\000b\000l\000i\000c\000z\000e\000n\000i\000o\000w\000y\000\040\000m\000e\000t\000o\000d}{chapter.4}% 60
\BOOKMARK [0][-]{chapter.5}{\376\377\000P\000o\000d\000s\000u\000m\000o\000w\000a\000n\000i\000e}{}% 61
\BOOKMARK [0][-]{section*.42}{\376\377\000B\000i\000b\000l\000i\000o\000g\000r\000a\000f\000i\000a}{}% 62
\BOOKMARK [0][-]{appendix*.44}{\376\377\000D\000o\000k\000u\000m\000e\000n\000t\000a\000c\000j\000a\000\040\000t\000e\000c\000h\000n\000i\000c\000z\000n\000a}{}% 63
\BOOKMARK [0][-]{appendix*.45}{\376\377\000S\000p\000i\000s\000\040\000s\000k\000r\000\363\000t\000\363\000w\000\040\000i\000\040\000s\000y\000m\000b\000o\000l\000i}{}% 64
\BOOKMARK [0][-]{appendix*.46}{\376\377\000L\000i\000s\000t\000a\000\040\000d\000o\000d\000a\000t\000k\000o\000w\000y\000c\000h\000\040\000p\000l\000i\000k\000\363\000w\000,\000\040\000u\000z\000u\000p\000e\001\102\000n\000i\000a\000j\001\005\000c\000y\000c\000h\000\040\000t\000e\000k\000s\000t\000\040\000p\000r\000a\000c\000y\000\040\000\050\000j\000e\001\174\000e\000l\000i\000\040\000d\000o\000t\000y\000c\000z\000y\000\051}{}% 65
\BOOKMARK [0][-]{appendix*.47}{\376\377\000S\000p\000i\000s\000\040\000r\000y\000s\000u\000n\000k\000\363\000w}{}% 66
\BOOKMARK [0][-]{appendix*.48}{\376\377\000S\000p\000i\000s\000\040\000t\000a\000b\000e\000l}{}% 67
